<?xml version="1.0" encoding="UTF-8"?>
<testsuite xmlns:xsi="http://www.w3.org/2001/XMLSchema-instance" xsi:noNamespaceSchemaLocation="https://maven.apache.org/surefire/maven-surefire-plugin/xsd/surefire-test-report.xsd" name="com.itheima.SpringbootMybatisCrudApplicationTests" time="2.825" tests="7" errors="0" skipped="0" failures="0">
  <properties>
    <property name="sun.desktop" value="windows"/>
    <property name="awt.toolkit" value="sun.awt.windows.WToolkit"/>
    <property name="java.specification.version" value="11"/>
    <property name="sun.cpu.isalist" value="amd64"/>
    <property name="sun.jnu.encoding" value="GBK"/>
    <property name="java.class.path" value="D:\JavaProject\itheima_web_project\springboot-mybatis-crud\target\test-classes;D:\JavaProject\itheima_web_project\springboot-mybatis-crud\target\classes;E:\software\apache-maven-3.6.3\mvn_repo\org\mybatis\spring\boot\mybatis-spring-boot-starter\2.3.0\mybatis-spring-boot-starter-2.3.0.jar;E:\software\apache-maven-3.6.3\mvn_repo\org\springframework\boot\spring-boot-starter\2.7.5\spring-boot-starter-2.7.5.jar;E:\software\apache-maven-3.6.3\mvn_repo\org\springframework\boot\spring-boot\2.7.5\spring-boot-2.7.5.jar;E:\software\apache-maven-3.6.3\mvn_repo\org\springframework\spring-context\5.3.23\spring-context-5.3.23.jar;E:\software\apache-maven-3.6.3\mvn_repo\org\springframework\spring-aop\5.3.23\spring-aop-5.3.23.jar;E:\software\apache-maven-3.6.3\mvn_repo\org\springframework\spring-expression\5.3.23\spring-expression-5.3.23.jar;E:\software\apache-maven-3.6.3\mvn_repo\org\springframework\boot\spring-boot-autoconfigure\2.7.5\spring-boot-autoconfigure-2.7.5.jar;E:\software\apache-maven-3.6.3\mvn_repo\org\springframework\boot\spring-boot-starter-logging\2.7.5\spring-boot-starter-logging-2.7.5.jar;E:\software\apache-maven-3.6.3\mvn_repo\ch\qos\logback\logback-classic\1.2.11\logback-classic-1.2.11.jar;E:\software\apache-maven-3.6.3\mvn_repo\ch\qos\logback\logback-core\1.2.11\logback-core-1.2.11.jar;E:\software\apache-maven-3.6.3\mvn_repo\org\apache\logging\log4j\log4j-to-slf4j\2.17.2\log4j-to-slf4j-2.17.2.jar;E:\software\apache-maven-3.6.3\mvn_repo\org\apache\logging\log4j\log4j-api\2.17.2\log4j-api-2.17.2.jar;E:\software\apache-maven-3.6.3\mvn_repo\org\slf4j\jul-to-slf4j\1.7.36\jul-to-slf4j-1.7.36.jar;E:\software\apache-maven-3.6.3\mvn_repo\jakarta\annotation\jakarta.annotation-api\1.3.5\jakarta.annotation-api-1.3.5.jar;E:\software\apache-maven-3.6.3\mvn_repo\org\yaml\snakeyaml\1.30\snakeyaml-1.30.jar;E:\software\apache-maven-3.6.3\mvn_repo\org\springframework\boot\spring-boot-starter-jdbc\2.7.5\spring-boot-starter-jdbc-2.7.5.jar;E:\software\apache-maven-3.6.3\mvn_repo\com\zaxxer\HikariCP\4.0.3\HikariCP-4.0.3.jar;E:\software\apache-maven-3.6.3\mvn_repo\org\springframework\spring-jdbc\5.3.23\spring-jdbc-5.3.23.jar;E:\software\apache-maven-3.6.3\mvn_repo\org\springframework\spring-beans\5.3.23\spring-beans-5.3.23.jar;E:\software\apache-maven-3.6.3\mvn_repo\org\springframework\spring-tx\5.3.23\spring-tx-5.3.23.jar;E:\software\apache-maven-3.6.3\mvn_repo\org\mybatis\spring\boot\mybatis-spring-boot-autoconfigure\2.3.0\mybatis-spring-boot-autoconfigure-2.3.0.jar;E:\software\apache-maven-3.6.3\mvn_repo\org\mybatis\mybatis\3.5.11\mybatis-3.5.11.jar;E:\software\apache-maven-3.6.3\mvn_repo\org\mybatis\mybatis-spring\2.1.0\mybatis-spring-2.1.0.jar;E:\software\apache-maven-3.6.3\mvn_repo\com\mysql\mysql-connector-j\8.0.31\mysql-connector-j-8.0.31.jar;E:\software\apache-maven-3.6.3\mvn_repo\org\projectlombok\lombok\1.18.24\lombok-1.18.24.jar;E:\software\apache-maven-3.6.3\mvn_repo\org\springframework\boot\spring-boot-starter-test\2.7.5\spring-boot-starter-test-2.7.5.jar;E:\software\apache-maven-3.6.3\mvn_repo\org\springframework\boot\spring-boot-test\2.7.5\spring-boot-test-2.7.5.jar;E:\software\apache-maven-3.6.3\mvn_repo\org\springframework\boot\spring-boot-test-autoconfigure\2.7.5\spring-boot-test-autoconfigure-2.7.5.jar;E:\software\apache-maven-3.6.3\mvn_repo\com\jayway\jsonpath\json-path\2.7.0\json-path-2.7.0.jar;E:\software\apache-maven-3.6.3\mvn_repo\net\minidev\json-smart\2.4.8\json-smart-2.4.8.jar;E:\software\apache-maven-3.6.3\mvn_repo\net\minidev\accessors-smart\2.4.8\accessors-smart-2.4.8.jar;E:\software\apache-maven-3.6.3\mvn_repo\org\ow2\asm\asm\9.1\asm-9.1.jar;E:\software\apache-maven-3.6.3\mvn_repo\org\slf4j\slf4j-api\1.7.36\slf4j-api-1.7.36.jar;E:\software\apache-maven-3.6.3\mvn_repo\jakarta\xml\bind\jakarta.xml.bind-api\2.3.3\jakarta.xml.bind-api-2.3.3.jar;E:\software\apache-maven-3.6.3\mvn_repo\jakarta\activation\jakarta.activation-api\1.2.2\jakarta.activation-api-1.2.2.jar;E:\software\apache-maven-3.6.3\mvn_repo\org\assertj\assertj-core\3.22.0\assertj-core-3.22.0.jar;E:\software\apache-maven-3.6.3\mvn_repo\org\hamcrest\hamcrest\2.2\hamcrest-2.2.jar;E:\software\apache-maven-3.6.3\mvn_repo\org\junit\jupiter\junit-jupiter\5.8.2\junit-jupiter-5.8.2.jar;E:\software\apache-maven-3.6.3\mvn_repo\org\junit\jupiter\junit-jupiter-api\5.8.2\junit-jupiter-api-5.8.2.jar;E:\software\apache-maven-3.6.3\mvn_repo\org\opentest4j\opentest4j\1.2.0\opentest4j-1.2.0.jar;E:\software\apache-maven-3.6.3\mvn_repo\org\junit\platform\junit-platform-commons\1.8.2\junit-platform-commons-1.8.2.jar;E:\software\apache-maven-3.6.3\mvn_repo\org\apiguardian\apiguardian-api\1.1.2\apiguardian-api-1.1.2.jar;E:\software\apache-maven-3.6.3\mvn_repo\org\junit\jupiter\junit-jupiter-params\5.8.2\junit-jupiter-params-5.8.2.jar;E:\software\apache-maven-3.6.3\mvn_repo\org\junit\jupiter\junit-jupiter-engine\5.8.2\junit-jupiter-engine-5.8.2.jar;E:\software\apache-maven-3.6.3\mvn_repo\org\junit\platform\junit-platform-engine\1.8.2\junit-platform-engine-1.8.2.jar;E:\software\apache-maven-3.6.3\mvn_repo\org\mockito\mockito-core\4.5.1\mockito-core-4.5.1.jar;E:\software\apache-maven-3.6.3\mvn_repo\net\bytebuddy\byte-buddy\1.12.18\byte-buddy-1.12.18.jar;E:\software\apache-maven-3.6.3\mvn_repo\net\bytebuddy\byte-buddy-agent\1.12.18\byte-buddy-agent-1.12.18.jar;E:\software\apache-maven-3.6.3\mvn_repo\org\objenesis\objenesis\3.2\objenesis-3.2.jar;E:\software\apache-maven-3.6.3\mvn_repo\org\mockito\mockito-junit-jupiter\4.5.1\mockito-junit-jupiter-4.5.1.jar;E:\software\apache-maven-3.6.3\mvn_repo\org\skyscreamer\jsonassert\1.5.1\jsonassert-1.5.1.jar;E:\software\apache-maven-3.6.3\mvn_repo\com\vaadin\external\google\android-json\0.0.20131108.vaadin1\android-json-0.0.20131108.vaadin1.jar;E:\software\apache-maven-3.6.3\mvn_repo\org\springframework\spring-core\5.3.23\spring-core-5.3.23.jar;E:\software\apache-maven-3.6.3\mvn_repo\org\springframework\spring-jcl\5.3.23\spring-jcl-5.3.23.jar;E:\software\apache-maven-3.6.3\mvn_repo\org\springframework\spring-test\5.3.23\spring-test-5.3.23.jar;E:\software\apache-maven-3.6.3\mvn_repo\org\xmlunit\xmlunit-core\2.9.0\xmlunit-core-2.9.0.jar;"/>
    <property name="java.vm.vendor" value="Oracle Corporation"/>
    <property name="sun.arch.data.model" value="64"/>
    <property name="user.variant" value=""/>
    <property name="java.vendor.url" value="https://openjdk.java.net/"/>
    <property name="user.timezone" value="Asia/Shanghai"/>
    <property name="java.vm.specification.version" value="11"/>
    <property name="os.name" value="Windows 11"/>
    <property name="sun.java.launcher" value="SUN_STANDARD"/>
    <property name="user.country" value="CN"/>
    <property name="sun.boot.library.path" value="E:\programming\jdk-11.0.15.1\bin"/>
    <property name="sun.java.command" value="C:\Users\H3C\AppData\Local\Temp\surefire16607453232096983522\surefirebooter18095869167400066280.jar C:\Users\H3C\AppData\Local\Temp\surefire16607453232096983522 2024-12-08T09-16-18_945-jvmRun1 surefire42227675035764082tmp surefire_0933267316985280866tmp"/>
    <property name="jdk.debug" value="release"/>
    <property name="surefire.test.class.path" value="D:\JavaProject\itheima_web_project\springboot-mybatis-crud\target\test-classes;D:\JavaProject\itheima_web_project\springboot-mybatis-crud\target\classes;E:\software\apache-maven-3.6.3\mvn_repo\org\mybatis\spring\boot\mybatis-spring-boot-starter\2.3.0\mybatis-spring-boot-starter-2.3.0.jar;E:\software\apache-maven-3.6.3\mvn_repo\org\springframework\boot\spring-boot-starter\2.7.5\spring-boot-starter-2.7.5.jar;E:\software\apache-maven-3.6.3\mvn_repo\org\springframework\boot\spring-boot\2.7.5\spring-boot-2.7.5.jar;E:\software\apache-maven-3.6.3\mvn_repo\org\springframework\spring-context\5.3.23\spring-context-5.3.23.jar;E:\software\apache-maven-3.6.3\mvn_repo\org\springframework\spring-aop\5.3.23\spring-aop-5.3.23.jar;E:\software\apache-maven-3.6.3\mvn_repo\org\springframework\spring-expression\5.3.23\spring-expression-5.3.23.jar;E:\software\apache-maven-3.6.3\mvn_repo\org\springframework\boot\spring-boot-autoconfigure\2.7.5\spring-boot-autoconfigure-2.7.5.jar;E:\software\apache-maven-3.6.3\mvn_repo\org\springframework\boot\spring-boot-starter-logging\2.7.5\spring-boot-starter-logging-2.7.5.jar;E:\software\apache-maven-3.6.3\mvn_repo\ch\qos\logback\logback-classic\1.2.11\logback-classic-1.2.11.jar;E:\software\apache-maven-3.6.3\mvn_repo\ch\qos\logback\logback-core\1.2.11\logback-core-1.2.11.jar;E:\software\apache-maven-3.6.3\mvn_repo\org\apache\logging\log4j\log4j-to-slf4j\2.17.2\log4j-to-slf4j-2.17.2.jar;E:\software\apache-maven-3.6.3\mvn_repo\org\apache\logging\log4j\log4j-api\2.17.2\log4j-api-2.17.2.jar;E:\software\apache-maven-3.6.3\mvn_repo\org\slf4j\jul-to-slf4j\1.7.36\jul-to-slf4j-1.7.36.jar;E:\software\apache-maven-3.6.3\mvn_repo\jakarta\annotation\jakarta.annotation-api\1.3.5\jakarta.annotation-api-1.3.5.jar;E:\software\apache-maven-3.6.3\mvn_repo\org\yaml\snakeyaml\1.30\snakeyaml-1.30.jar;E:\software\apache-maven-3.6.3\mvn_repo\org\springframework\boot\spring-boot-starter-jdbc\2.7.5\spring-boot-starter-jdbc-2.7.5.jar;E:\software\apache-maven-3.6.3\mvn_repo\com\zaxxer\HikariCP\4.0.3\HikariCP-4.0.3.jar;E:\software\apache-maven-3.6.3\mvn_repo\org\springframework\spring-jdbc\5.3.23\spring-jdbc-5.3.23.jar;E:\software\apache-maven-3.6.3\mvn_repo\org\springframework\spring-beans\5.3.23\spring-beans-5.3.23.jar;E:\software\apache-maven-3.6.3\mvn_repo\org\springframework\spring-tx\5.3.23\spring-tx-5.3.23.jar;E:\software\apache-maven-3.6.3\mvn_repo\org\mybatis\spring\boot\mybatis-spring-boot-autoconfigure\2.3.0\mybatis-spring-boot-autoconfigure-2.3.0.jar;E:\software\apache-maven-3.6.3\mvn_repo\org\mybatis\mybatis\3.5.11\mybatis-3.5.11.jar;E:\software\apache-maven-3.6.3\mvn_repo\org\mybatis\mybatis-spring\2.1.0\mybatis-spring-2.1.0.jar;E:\software\apache-maven-3.6.3\mvn_repo\com\mysql\mysql-connector-j\8.0.31\mysql-connector-j-8.0.31.jar;E:\software\apache-maven-3.6.3\mvn_repo\org\projectlombok\lombok\1.18.24\lombok-1.18.24.jar;E:\software\apache-maven-3.6.3\mvn_repo\org\springframework\boot\spring-boot-starter-test\2.7.5\spring-boot-starter-test-2.7.5.jar;E:\software\apache-maven-3.6.3\mvn_repo\org\springframework\boot\spring-boot-test\2.7.5\spring-boot-test-2.7.5.jar;E:\software\apache-maven-3.6.3\mvn_repo\org\springframework\boot\spring-boot-test-autoconfigure\2.7.5\spring-boot-test-autoconfigure-2.7.5.jar;E:\software\apache-maven-3.6.3\mvn_repo\com\jayway\jsonpath\json-path\2.7.0\json-path-2.7.0.jar;E:\software\apache-maven-3.6.3\mvn_repo\net\minidev\json-smart\2.4.8\json-smart-2.4.8.jar;E:\software\apache-maven-3.6.3\mvn_repo\net\minidev\accessors-smart\2.4.8\accessors-smart-2.4.8.jar;E:\software\apache-maven-3.6.3\mvn_repo\org\ow2\asm\asm\9.1\asm-9.1.jar;E:\software\apache-maven-3.6.3\mvn_repo\org\slf4j\slf4j-api\1.7.36\slf4j-api-1.7.36.jar;E:\software\apache-maven-3.6.3\mvn_repo\jakarta\xml\bind\jakarta.xml.bind-api\2.3.3\jakarta.xml.bind-api-2.3.3.jar;E:\software\apache-maven-3.6.3\mvn_repo\jakarta\activation\jakarta.activation-api\1.2.2\jakarta.activation-api-1.2.2.jar;E:\software\apache-maven-3.6.3\mvn_repo\org\assertj\assertj-core\3.22.0\assertj-core-3.22.0.jar;E:\software\apache-maven-3.6.3\mvn_repo\org\hamcrest\hamcrest\2.2\hamcrest-2.2.jar;E:\software\apache-maven-3.6.3\mvn_repo\org\junit\jupiter\junit-jupiter\5.8.2\junit-jupiter-5.8.2.jar;E:\software\apache-maven-3.6.3\mvn_repo\org\junit\jupiter\junit-jupiter-api\5.8.2\junit-jupiter-api-5.8.2.jar;E:\software\apache-maven-3.6.3\mvn_repo\org\opentest4j\opentest4j\1.2.0\opentest4j-1.2.0.jar;E:\software\apache-maven-3.6.3\mvn_repo\org\junit\platform\junit-platform-commons\1.8.2\junit-platform-commons-1.8.2.jar;E:\software\apache-maven-3.6.3\mvn_repo\org\apiguardian\apiguardian-api\1.1.2\apiguardian-api-1.1.2.jar;E:\software\apache-maven-3.6.3\mvn_repo\org\junit\jupiter\junit-jupiter-params\5.8.2\junit-jupiter-params-5.8.2.jar;E:\software\apache-maven-3.6.3\mvn_repo\org\junit\jupiter\junit-jupiter-engine\5.8.2\junit-jupiter-engine-5.8.2.jar;E:\software\apache-maven-3.6.3\mvn_repo\org\junit\platform\junit-platform-engine\1.8.2\junit-platform-engine-1.8.2.jar;E:\software\apache-maven-3.6.3\mvn_repo\org\mockito\mockito-core\4.5.1\mockito-core-4.5.1.jar;E:\software\apache-maven-3.6.3\mvn_repo\net\bytebuddy\byte-buddy\1.12.18\byte-buddy-1.12.18.jar;E:\software\apache-maven-3.6.3\mvn_repo\net\bytebuddy\byte-buddy-agent\1.12.18\byte-buddy-agent-1.12.18.jar;E:\software\apache-maven-3.6.3\mvn_repo\org\objenesis\objenesis\3.2\objenesis-3.2.jar;E:\software\apache-maven-3.6.3\mvn_repo\org\mockito\mockito-junit-jupiter\4.5.1\mockito-junit-jupiter-4.5.1.jar;E:\software\apache-maven-3.6.3\mvn_repo\org\skyscreamer\jsonassert\1.5.1\jsonassert-1.5.1.jar;E:\software\apache-maven-3.6.3\mvn_repo\com\vaadin\external\google\android-json\0.0.20131108.vaadin1\android-json-0.0.20131108.vaadin1.jar;E:\software\apache-maven-3.6.3\mvn_repo\org\springframework\spring-core\5.3.23\spring-core-5.3.23.jar;E:\software\apache-maven-3.6.3\mvn_repo\org\springframework\spring-jcl\5.3.23\spring-jcl-5.3.23.jar;E:\software\apache-maven-3.6.3\mvn_repo\org\springframework\spring-test\5.3.23\spring-test-5.3.23.jar;E:\software\apache-maven-3.6.3\mvn_repo\org\xmlunit\xmlunit-core\2.9.0\xmlunit-core-2.9.0.jar;"/>
    <property name="sun.cpu.endian" value="little"/>
    <property name="user.home" value="C:\Users\H3C"/>
    <property name="user.language" value="zh"/>
    <property name="java.specification.vendor" value="Oracle Corporation"/>
    <property name="java.version.date" value="2022-04-22"/>
    <property name="java.home" value="E:\programming\jdk-11.0.15.1"/>
    <property name="file.separator" value="\"/>
    <property name="basedir" value="D:\JavaProject\itheima_web_project\springboot-mybatis-crud"/>
    <property name="java.vm.compressedOopsMode" value="Zero based"/>
    <property name="line.separator" value="&#10;"/>
    <property name="java.specification.name" value="Java Platform API Specification"/>
    <property name="java.vm.specification.vendor" value="Oracle Corporation"/>
    <property name="java.awt.graphicsenv" value="sun.awt.Win32GraphicsEnvironment"/>
    <property name="surefire.real.class.path" value="C:\Users\H3C\AppData\Local\Temp\surefire16607453232096983522\surefirebooter18095869167400066280.jar"/>
    <property name="user.script" value=""/>
    <property name="sun.management.compiler" value="HotSpot 64-Bit Tiered Compilers"/>
    <property name="java.runtime.version" value="11.0.15.1+2-LTS-10"/>
    <property name="user.name" value="H3C"/>
    <property name="path.separator" value=";"/>
    <property name="os.version" value="10.0"/>
    <property name="java.runtime.name" value="Java(TM) SE Runtime Environment"/>
    <property name="file.encoding" value="GBK"/>
    <property name="java.vm.name" value="Java HotSpot(TM) 64-Bit Server VM"/>
    <property name="java.vendor.version" value="18.9"/>
    <property name="localRepository" value="E:\software\apache-maven-3.6.3\mvn_repo"/>
    <property name="java.vendor.url.bug" value="https://bugreport.java.com/bugreport/"/>
    <property name="java.io.tmpdir" value="C:\Users\H3C\AppData\Local\Temp\"/>
    <property name="idea.version" value="2024.2.2"/>
    <property name="java.version" value="11.0.15.1"/>
    <property name="user.dir" value="D:\JavaProject\itheima_web_project\springboot-mybatis-crud"/>
    <property name="os.arch" value="amd64"/>
    <property name="java.vm.specification.name" value="Java Virtual Machine Specification"/>
    <property name="java.awt.printerjob" value="sun.awt.windows.WPrinterJob"/>
    <property name="sun.os.patch.level" value=""/>
    <property name="java.library.path" value="E:\programming\jdk-11.0.15.1\bin;C:\windows\Sun\Java\bin;C:\windows\system32;C:\windows;E:\programming\anaconda3\condabin;C:\Program Files\Common Files\Oracle\Java\javapath;C:\windows\system32;C:\windows;C:\windows\System32\Wbem;C:\windows\System32\WindowsPowerShell\v1.0\;C:\windows\System32\OpenSSH\;E:\programming\anaconda3;E:\programming\anaconda3\Scripts;E:\programming\anaconda3\Library\mingw-w64\bin;E:\programming\anaconda3\Library\usr\bin;E:\programming\anaconda3\Library\bin;E:\software\Git\cmd;E:\software\nvm;E:\software\nodejs;E:\software\apache-maven-3.6.3\bin;E:\software\mysql-8.0.31-winx64\bin;C:\Users\H3C\AppData\Local\Programs\Python\Python38\Scripts\;C:\Users\H3C\AppData\Local\Programs\Python\Python38\;C:\Users\H3C\AppData\Local\Microsoft\WindowsApps;E:\programming\Microsoft VS Code\bin;E:\programming\PyCharm 2024.2.4\bin;C:\Users\H3C\AppData\Roaming\npm;E:\software\nvm;E:\software\nodejs;C:\Users\H3C\AppData\Local\JetBrains\Toolbox\scripts;;."/>
    <property name="java.vendor" value="Oracle Corporation"/>
    <property name="java.vm.info" value="mixed mode"/>
    <property name="java.vm.version" value="11.0.15.1+2-LTS-10"/>
    <property name="sun.io.unicode.encoding" value="UnicodeLittle"/>
    <property name="java.class.version" value="55.0"/>
  </properties>
  <testcase name="delete" classname="com.itheima.SpringbootMybatisCrudApplicationTests" time="0.76"/>
  <testcase name="testSelectAll" classname="com.itheima.SpringbootMybatisCrudApplicationTests" time="0.041"/>
  <testcase name="test" classname="com.itheima.SpringbootMybatisCrudApplicationTests" time="0.004"/>
  <testcase name="testInsert" classname="com.itheima.SpringbootMybatisCrudApplicationTests" time="0.062"/>
  <testcase name="testSelect" classname="com.itheima.SpringbootMybatisCrudApplicationTests" time="0.006"/>
  <testcase name="testUpdate" classname="com.itheima.SpringbootMybatisCrudApplicationTests" time="0.016"/>
  <testcase name="testUpdate02" classname="com.itheima.SpringbootMybatisCrudApplicationTests" time="0.016"/>
</testsuite>